  319286099_319252903_ProyectoFinal.cpp
C:\Users\santi\OneDrive\Escritorio\Proyecto\ConfigInicial\319286099_319252903_ProyectoFinal.cpp(467,30): warning C4244: 'inicializando': conversión de 'double' a 'GLfloat'; posible pérdida de datos
C:\Users\santi\OneDrive\Escritorio\Proyecto\ConfigInicial\319286099_319252903_ProyectoFinal.cpp(1874,17): warning C4244: '=': conversión de 'double' a 'GLfloat'; posible pérdida de datos
C:\Users\santi\OneDrive\Escritorio\Proyecto\ConfigInicial\319286099_319252903_ProyectoFinal.cpp(1875,17): warning C4244: '=': conversión de 'double' a 'GLfloat'; posible pérdida de datos
C:\Users\santi\OneDrive\Escritorio\Proyecto\ConfigInicial\319286099_319252903_ProyectoFinal.cpp(1879,21): warning C4244: 'inicializando': conversión de 'double' a 'GLfloat'; posible pérdida de datos
C:\Users\santi\OneDrive\Escritorio\Proyecto\ConfigInicial\319286099_319252903_ProyectoFinal.cpp(1880,21): warning C4244: 'inicializando': conversión de 'double' a 'GLfloat'; posible pérdida de datos
C:\Users\santi\OneDrive\Escritorio\Proyecto\ConfigInicial\319286099_319252903_ProyectoFinal.cpp(1882,13): warning C4244: '=': conversión de 'double' a 'GLfloat'; posible pérdida de datos
C:\Users\santi\OneDrive\Escritorio\Proyecto\ConfigInicial\319286099_319252903_ProyectoFinal.cpp(1883,13): warning C4244: '=': conversión de 'double' a 'GLfloat'; posible pérdida de datos
soil2-debug.lib(SOIL2.obj) : warning LNK4075: se omite '/EDITANDCONTINUE' debido a la especificación '/OPT:ICF'
LINK : warning LNK4098: la biblioteca predeterminada'MSVCRTD' entra en conflicto con otras bibliotecas; use la biblioteca /NODEFAULTLIB:biblioteca
  Generando código
  644 of 656 functions (98.2%) were compiled, the rest were copied from previous compilation.
    20 functions were new in current compilation
    2 functions had inline decision re-evaluated but remain unchanged
  Generación de código finalizada
soil2-debug.lib(etc1_utils.obj) : warning LNK4099: no se encontró PDB 'soil2-debug.pdb' con 'soil2-debug.lib(etc1_utils.obj)' o en 'C:\Users\santi\OneDrive\Escritorio\Proyecto\Release\soil2-debug.pdb'; se vinculará el objeto sin tener en cuenta información de depuración
soil2-debug.lib(image_DXT.obj) : warning LNK4099: no se encontró PDB 'soil2-debug.pdb' con 'soil2-debug.lib(image_DXT.obj)' o en 'C:\Users\santi\OneDrive\Escritorio\Proyecto\Release\soil2-debug.pdb'; se vinculará el objeto sin tener en cuenta información de depuración
soil2-debug.lib(image_helper.obj) : warning LNK4099: no se encontró PDB 'soil2-debug.pdb' con 'soil2-debug.lib(image_helper.obj)' o en 'C:\Users\santi\OneDrive\Escritorio\Proyecto\Release\soil2-debug.pdb'; se vinculará el objeto sin tener en cuenta información de depuración
soil2-debug.lib(SOIL2.obj) : warning LNK4099: no se encontró PDB 'soil2-debug.pdb' con 'soil2-debug.lib(SOIL2.obj)' o en 'C:\Users\santi\OneDrive\Escritorio\Proyecto\Release\soil2-debug.pdb'; se vinculará el objeto sin tener en cuenta información de depuración
  ConfigInicial.vcxproj -> C:\Users\santi\OneDrive\Escritorio\Proyecto\Release\ConfigInicial.exe
